<priref>17929</priref>
<institution.name>Ton Smits Huis</institution.name>
<object_number>010</object_number>
<object_name option="" value="schilderij">
<text language="0">schilderij</text>
<text language="1">schilderij</text>
</object_name>
<title>Liggend figuur in blauw</title>
<creator>Smits, Ton</creator>
<creator.role>kunstschilder</creator.role>
<production.place>Eindhoven</production.place>
<technique option="" value="geschilderd">
<text language="0">geschilderd</text>
<text language="1">geschilderd</text>
</technique>
<material option="" value="doek">
<text language="0">doek</text>
<text language="1">doek</text>
</material>
<material option="" value="olieverf">
<text language="0">olieverf</text>
<text language="1">olieverf</text>
</material>
<dimension.type option="" value="hoogte">
<text language="0">hoogte</text>
<text language="1">hoogte</text>
</dimension.type>
<dimension.type option="" value="breedte">
<text language="0">breedte</text>
<text language="1">breedte</text>
</dimension.type>
<dimension.type option="" value="hoogte">
<text language="0">hoogte</text>
<text language="1">hoogte</text>
</dimension.type>
<dimension.type option="" value="breedte">
<text language="0">breedte</text>
<text language="1">breedte</text>
</dimension.type>
<dimension.value>60</dimension.value>
<dimension.value>60</dimension.value>
<dimension.value>61.5</dimension.value>
<dimension.value>61.5</dimension.value>
<dimension.unit>cm</dimension.unit>
<dimension.unit>cm</dimension.unit>
<dimension.unit>cm</dimension.unit>
<dimension.unit>cm</dimension.unit>
<content.subject>vrouwen</content.subject>
<content.subject>liggen</content.subject>
<content.subject>bomen</content.subject>
<content.subject>bloemen</content.subject>
<content.subject>harten</content.subject>
<content.subject>naakt</content.subject>
<reproduction.reference>D:/Documents/Schilderij/010.jpg</reproduction.reference>
<rights.notes>L. Smits-Zoetmulder</rights.notes>
<rights.notes>De werken van Ton Smits zijn auteursrechtelijk beschermd. Indien u zijn werken openbaar wil maken dient u vooraf toestemming te verkrijgen. Neemt u hiervoor contact op met Beeldrecht te Amsterdam: 020 - 5891440 of info@beeldrecht.nl of kijk op www.beeldrecht.nl</rights.notes>
<label.text>Dit is één van de laatste schilderijen, die cartoonist-kunstschilder Ton Smits (1921-1981) vervaardigd heeft. Hij schilderde dit paneel voor de grote overzichtstentoonstelling van zijn werk, die in 1981 georganiseerd zou worden bij gelegenheid van zijn zestigste verjaardag.</label.text>
<label.text>In het schilderkunstig oeuvre van Ton Smits is eenzelfde ontwikkeling naar vereenvoudiging waar te nemen als in zijn cartoontekeningen. Smits’ werken –cartoons én schilderijen- worden steeds “kaler”. Smits beperkte zich in de weergave van zijn droomwereld meer en meer tot de essentie. Hij gaf alleen nog maar weer wat hij strikt noodzakelijk vond. De late schilderijen van Ton Smits worden gekenmerkt door de sterke en heldere composities en door het gebruik van sprankelende kleuren.</label.text>
<priref>17929</priref>
