<dc:title xml:lang="no">møtebok (Fjaler kommune. Formannskapet, Møtebøker)</dc:title>
<dc:description xml:lang="no"/>
<dc:publisher>Fylkesarkivet i Sogn og Fjordane</dc:publisher>
<dcterms:created>1896-1910</dcterms:created>
<dc:type xml:lang="no">Stykke</dc:type>
<dc:identifier>100023</dc:identifier>
<dc:source xml:lang="no">Fylkesarkivet i Sogn og Fjordane</dc:source>
<dcterms:isPartOf>http://www.arkivportalen.no/arkivportalen-web/side/arkiv/detaljer?arkivId=no-SFF_arkiv000000000500</dcterms:isPartOf>
<europeana:object>http://www.arkivportalen.no/arkivportalen-web/images/digitalisert_48.png</europeana:object>
<europeana:provider>abm</europeana:provider>
<europeana:type>TEXT</europeana:type>
<europeana:isShownAt>http://www.arkivportalen.no/arkivportalen-web/side/arkiv/detaljer?arkivId=no-SFF_arkiv000000000500</europeana:isShownAt>
<abm:contentProvider>Fylkesarkivet i Sogn og Fjordane</abm:contentProvider>
<abm:geo-experiment>Geo!</abm:geo-experiment>
<abm:address-experiment>Address!</abm:address-experiment>
