<header>
    <identifier>http://www.rnaproject.org/data/ce4889b0-450d-470e-8da5-61d875316c40</identifier>
    <datestamp>2010-10-27T17:00:23Z</datestamp>
    <setSpec>57</setSpec>
</header>
<oai:metadata xmlns:oai="http://www.openarchives.org/OAI/2.0/">
<ese:record xmlns:ese="http://www.europeana.eu/schemas/ese" xmlns:dc="http://purl.org/dc/elements/1.1/">
    <dc:title xml:lang="nl">_Vuursteenpistool vervaardigd door
        Theodorus Coop te Utrecht, circa 1675-1680 (1 van een
        koppel)</dc:title>
    <dc:creator>Coop, Theodorus-[3D]</dc:creator>
    <dc:date>1675/1680</dc:date>
    <dc:type>creatie event</dc:type>
    <dc:subject>vuurwapens</dc:subject>
    <dc:subject>vuursteenpistool</dc:subject>
    <dc:identifier>019206-1</dc:identifier>
    <ese:provider>Legermuseum / Dutch Army Museum</ese:provider>
    <ese:type>IMAGE</ese:type>
    <ese:isShownAt>http://lm.rnaviewer.net/nl/item?uri=http://www.rnaproject.org/data/f6dc4db1-b378-4327-a159-98b1d1fb122b</ese:isShownAt>
    <ese:isShownBy>http://www.collectie.legermuseum.nl/asp/page.asp?alias=strategion&amp;view=strategion&amp;page_alias=imageview&amp;image=http://afbeeldingen.collectie.legermuseum.nl/wwwopac.exe?thumbnail=\\buffel\images$\\PM\images\D012\019206.jpg</ese:isShownBy>
</ese:record>
</oai:metadata>