<priref>1</priref>
<catty>Thing</catty>
<edit.source>collect>intern</edit.source>
<edit.source>photo</edit.source>
<edit.source>collect>intern</edit.source>
<input.source>FileMakerPro</input.source>
<edit.time>14:54:55</edit.time>
<edit.time>12:37:39</edit.time>
<edit.time>16:05:56</edit.time>
<creator.history/>
<edit.name>t.kamerling</edit.name>
<edit.name>alina</edit.name>
<edit.name>Daniel</edit.name>
<input.name>Conversie AIS</input.name>
<creator.date_of_death/>
<creator.date_of_birth/>
<edit.date>2011-03-15</edit.date>
<edit.date>2009-02-19</edit.date>
<edit.date>2006-11-22</edit.date>
<input.date>2005-01-14</input.date>
<dimension.value>24.3</dimension.value>
<dimension.value>2.6</dimension.value>
<insurance.value>700.00</insurance.value>
<acquisition.method>aankoop</acquisition.method>
<creator>onbekend</creator>
<acquisition.price.value>592.50</acquisition.price.value>
<production.place>Engeland</production.place>
<acquisition.source>Ott, J.B.A.M.</acquisition.source>
<acquisition.price.currency>NLG</acquisition.price.currency>
<insurance.value.currency>NLG</insurance.value.currency>
<technique>gevormd</technique>
<technique>koperdruk</technique>
<technique>loodglazuur</technique>
<title>Bord met zwart decor van cartouche met opschrift</title>
<condition.notes>schilfers van de rand, ingetrokken vuil.</condition.notes>
<technique.part>FORM</technique.part>
<technique.part>DEC</technique.part>
<technique.part>FIN</technique.part>
<location>1.12-K10-P05</location>
<reproduction.creator/>
<reproduction.type/>
<reproduction.date/>
<number_of_parts>1</number_of_parts>
<acquisition.place>Zutphen</acquisition.place>
<phys_characteristic.keyword>cartouche</phys_characteristic.keyword>
<phys_characteristic.keyword>opschrift</phys_characteristic.keyword>
<phys_characteristic.aspect>creamware</phys_characteristic.aspect>
<title.type>toegekend</title.type>
<object_name>bord</object_name>
<location.default>1.12-K10-P05</location.default>
<material.notes>scherf cr√®me</material.notes>
<material>hard aardewerk</material>
<location_type>DEP</location_type>
<location_check.date>2007-12-04</location_check.date>
<location_check.name>AD</location_check.name>
<object_number>OKS 1989-001</object_number>
<inscription.notes>geen</inscription.notes>
<institution.code>0061</institution.code>
<current_owner>Ottema-Kingma Stichting</current_owner>
<creator.role>vervaardiger</creator.role>
<reproduction.reference>OKS 1989-001 [01]</reproduction.reference>
<reproduction.format/>
<reproduction.web_exclusion/>
<dimension.unit>cm</dimension.unit>
<dimension.unit>cm</dimension.unit>
<production.date.start>1791</production.date.start>
<production.date.notes>gedateerd</production.date.notes>
<dimension.type>diameter</dimension.type>
<dimension.type>hoogte</dimension.type>
<production.date.end>1791</production.date.end>
<institution.place>Leeuwarden</institution.place>
<description>De geschulpte rand is voorzien van een versiering in zwart in de vorm van bloemtakken. Op het verdiepte middenvlak is een in Louis XV stijl cartouche aangebracht met tekst.(Ingekorte beschrijving).</description>
<description>Opschrift: Welvaart; Tot desen Huijsen Van; Yan en Yoanna Ver Boom; Ao 1797 den 20. Meij</description>
<institution.name>Princessehof Leeuwarden</institution.name>
<reproduction.identifier_URL>..\..\..\Images PH\OKS 1989-001 [01].jpg</reproduction.identifier_URL>
<administration_name>Europa</administration_name>
<percentf>1791</percentf>
<percentH>creamware</percentH>
<percentD>2.6</percentD>
<percentC>24.3</percentC>
