	<header>
	<identifier>12cf16ea-dc46-11df-a9e7-7590f0316edd</identifier><datestamp>2010-11-17T15:09:58Z</datestamp></header>
	<metadata>
		<oai_dc:dc xmlns:oai_dc="http://www.openarchives.org/OAI/2.0/oai_dc/" xmlns:dc="http://purl.org/dc/elements/1.1/" xmlns:xsi="http://www.w3.org/2001/XMLSchema-instance" xsi:schemaLocation="http://www.openarchives.org/OAI/2.0/oai_dc/           http://www.openarchives.org/OAI/2.0/oai_dc.xsd">
<dc:description>Bloemendalsestraat 22/hoek Achter het Oude Weeshuis, en 24/ hoek Boldersstraat. Rechts het afgebrande pand Bloemendalsestraat 26.</dc:description><dc:description>bijzonderheden: Bloemendalsestraat 26 werd gesloopt in december 1977.</dc:description><dc:date>1971-08</dc:date><dc:identifier>01383</dc:identifier><dc:coverage>Amersfoort</dc:coverage><dc:coverage>Bloemendalsestraat - even</dc:coverage><dc:coverage>Achter het Oude Weeshuis</dc:coverage><dc:coverage>Boldersstraat</dc:coverage><dc:coverage>Ploegje</dc:coverage><dc:rights>Fotocinehouse Amersfoort</dc:rights></oai_dc:dc>
	</metadata>
			<about>
	<files xmlns="http://api.memorix-maior.nl/REST/3.0/" xmlns:xsi="http://www.w3.org/2001/XMLSchema-instance" xsi:schemaLocation="http://api.memorix-maior.nl/REST/3.0/ http://api.memorix-maior.nl/REST/3.0/MRX-API.xsd">
				<file>075d0b39-890b-3d09-280f-fe3e5bcfc992</file>
			</files>
	</about>
