<record xmlns:dc="http://purl.org/dc/elements/1.1/">
    <dc:creator>god</dc:creator>
</record>
