<itin_place>plaats/zwolle</itin_place>


<RN>447552</RN>


<aanbieding>0</aanbieding>


<activiteiten>0</activiteiten>


<ambiance>|AMB_4|,|AMB_6|,|AMB_9|</ambiance>


<beoordelingen>0</beoordelingen>


<aantal_beoordelingen>0</aantal_beoordelingen>


<bereikbaarheid>1</bereikbaarheid>


<betaalmogelijkheden>1</betaalmogelijkheden>


<button>0</button>


<catering>0</catering>


<contacten_personen>1</contacten_personen>


<dieten>0</dieten>


<diversen>0</diversen>


<glutenvrij>0</glutenvrij>


<groepen>1</groepen>


<gvv>0</gvv>


<hoofdfoto>1</hoofdfoto>


<introductietekst>1</introductietekst>


<kerst>0</kerst>


<kerstmenu>0</kerstmenu>


<kindvriendelijk>0</kindvriendelijk>


<keuken>|Japans|,|Chinees|,|Thais|</keuken>


<ligging>|LIV_12|,|LIV_14|</ligging>


<lunch>0</lunch>


<menukaart>1</menukaart>


<moederdag>0</moederdag>


<moederdag_menu>0</moederdag_menu>


<muziek>1</muziek>


<online_reserveren>0</online_reserveren>


<openingstijden>1</openingstijden>


<overnachten>0</overnachten>


<ontbijt>0</ontbijt>


<pasen>0</pasen>


<paasmenu>0</paasmenu>


<persbericht>0</persbericht>


<plattegrond>1</plattegrond>


<prijsinformatie>1</prijsinformatie>


<restaurantnaam>Lotus Lounge</restaurantnaam>


<rolstoel>0</rolstoel>


<rookmogelijkheden>0</rookmogelijkheden>


<rookvrij>0</rookvrij>


<sfeerkenmerken>0</sfeerkenmerken>


<sluitingstijden>0</sluitingstijden>


<strand>0</strand>


<sustainable>0</sustainable>


<terras>1</terras>


<toprestaurant>0</toprestaurant>


<valentijn>0</valentijn>


<valentijn_menu>0</valentijn_menu>


<vegetarisch>1</vegetarisch>


<vrw>0</vrw>


<vrw_menu>0</vrw_menu>


<video>0</video>


<zakelijk>0</zakelijk>


<status>5</status>


<voorvoegsel/>


<lidwoord>The</lidwoord>


<restaurantnaam_15>The Lotus Loung</restaurantnaam_15>


<restaurantnaam_25>The Lotus Lounge</restaurantnaam_25>


<volledige_restaurantnaam>Restaurant The Lotus Lounge</volledige_restaurantnaam>


<straat>Bethlehemskerkplein</straat>


<huisnummer>34</huisnummer>


<huisnummer_toevoeging/>


<adres>Bethlehemskerkplein 34</adres>


<gevestigd_in/>


<wijk/>


<deelgemeente/>


<plaats>Zwolle</plaats>


<poi_group_id/>


<provincie>Overijssel</provincie>


<land>NL</land>


<longitude>6.09398980</longitude>


<latitude>52.51100850</latitude>


<telefoon>0384211165</telefoon>


<keuken_1>Japans</keuken_1>


<keuken_1_punten>7</keuken_1_punten>


<keuken_2>Chinees</keuken_2>


<keuken_2_punten>6</keuken_2_punten>


<keuken_3>Thais</keuken_3>


<keuken_3_punten>2</keuken_3_punten>


<dgg>30.00</dgg>


<prijsniveau_1>0</prijsniveau_1>


<prijsniveau_2>0</prijsniveau_2>


<prijsniveau_3>1</prijsniveau_3>


<prijsniveau_4>1</prijsniveau_4>


<prijsniveau_5>0</prijsniveau_5>


<diner>1</diner>


<high_tea>0</high_tea>


<brunch>0</brunch>


<pand/>


<organisaties/>


<selecties/>


<betaalmiddelen>|pin|,|mc|,|visa|,|amex|</betaalmiddelen>


<alleen_catering>0</alleen_catering>


<link>http://www.dinnersite.nl/restaurant/447552/The_Lotus_Lounge/Zwolle/Overijssel/</link>


<sorting_random>0.78</sorting_random>


<zwarte_lijst>0</zwarte_lijst>


<low_lijst>0</low_lijst>


<provincie_display>Overijssel</provincie_display>


<deelgemeente_display/>


<plaats_display>Zwolle</plaats_display>


<adres_display>Bethlehemskerkplein 34</adres_display>


<plaats_provincie>Zwolle|Overijssel</plaats_provincie>


<channel_bedrag>0.75</channel_bedrag>


<algemeen_bedrag>0.75</algemeen_bedrag>


<premium_tekst>The Lotus Lounge, een super hip en sfeervol ingericht
Aziatisch Sushi restaurant.</premium_tekst>


<premium_tekst>In het restaurant kunt u heerlijk relaxen in een zeer
aangename Lounge sfeer.</premium_tekst>


<premium_foto_default>31150</premium_foto_default>


<premium_foto_categorie>31150</premium_foto_categorie>


<membership>5</membership>


<bezorgen_url/>


<reserveren_url/>


<recepten_url/>


<anders_url/>


<exact_town>1</exact_town>


<menukaart_aanwezig>1</menukaart_aanwezig>


<premium_foto_thumbnail>http://foto.dinnersite.nl/thumbnail/447552_31150.jpg</premium_foto_thumbnail>


<premium_foto_channel_thumbnail>http://foto.dinnersite.nl/thumbnail/447552_31150.jpg</premium_foto_channel_thumbnail>