<test>
    This file should contain a mapping
</test>